2025-05-01 15:42:33,620 - INFO - Начало парсинга категории: notebooks-planshety-kompyutery-pereferiya/kompyutery-pereferiya/komplektuyushchie-dlya-pk/videokarty
2025-05-01 15:42:33,622 - INFO - Обработка страницы продукта №1
2025-05-01 15:42:33,623 - INFO - Отправка запроса к https://www.citilink.ru/graphql/, для получения данных об всех продуктов
2025-05-01 15:42:34,416 - WARNING - Слишком много запросов. Ожидание перед повторной попыткой...
2025-05-01 15:42:39,417 - INFO - Отправка запроса к https://www.citilink.ru/graphql/, для получения данных об всех продуктов
2025-05-01 15:42:39,891 - WARNING - Слишком много запросов. Ожидание перед повторной попыткой...
2025-05-01 15:42:44,892 - INFO - Отправка запроса к https://www.citilink.ru/graphql/, для получения данных об всех продуктов
2025-05-01 15:42:45,377 - WARNING - Слишком много запросов. Ожидание перед повторной попыткой...
2025-05-01 15:42:50,377 - INFO - Отправка запроса к https://www.citilink.ru/graphql/, для получения данных об всех продуктов
2025-05-01 15:42:50,921 - WARNING - Слишком много запросов. Ожидание перед повторной попыткой...
2025-05-01 15:42:55,922 - INFO - Отправка запроса к https://www.citilink.ru/graphql/, для получения данных об всех продуктов
2025-05-01 15:42:56,388 - WARNING - Слишком много запросов. Ожидание перед повторной попыткой...
2025-05-01 15:43:01,389 - INFO - Отправка запроса к https://www.citilink.ru/graphql/, для получения данных об всех продуктов
2025-05-01 15:43:01,823 - WARNING - Слишком много запросов. Ожидание перед повторной попыткой...
2025-05-01 15:43:06,825 - INFO - Отправка запроса к https://www.citilink.ru/graphql/, для получения данных об всех продуктов
2025-05-01 15:43:07,278 - WARNING - Слишком много запросов. Ожидание перед повторной попыткой...
2025-05-01 15:43:12,279 - INFO - Отправка запроса к https://www.citilink.ru/graphql/, для получения данных об всех продуктов
2025-05-01 15:43:12,705 - WARNING - Слишком много запросов. Ожидание перед повторной попыткой...
2025-05-01 15:43:17,707 - INFO - Отправка запроса к https://www.citilink.ru/graphql/, для получения данных об всех продуктов
2025-05-01 15:43:18,128 - WARNING - Слишком много запросов. Ожидание перед повторной попыткой...
2025-05-01 15:43:23,130 - INFO - Отправка запроса к https://www.citilink.ru/graphql/, для получения данных об всех продуктов
2025-05-01 15:43:23,553 - WARNING - Слишком много запросов. Ожидание перед повторной попыткой...
2025-05-01 15:43:28,555 - INFO - Отправка запроса к https://www.citilink.ru/graphql/, для получения данных об всех продуктов
2025-05-01 15:43:33,978 - WARNING - Слишком много запросов. Ожидание перед повторной попыткой...
2025-05-01 15:43:38,979 - INFO - Отправка запроса к https://www.citilink.ru/graphql/, для получения данных об всех продуктов
2025-05-01 15:43:39,498 - WARNING - Слишком много запросов. Ожидание перед повторной попыткой...
2025-05-01 15:43:44,499 - INFO - Отправка запроса к https://www.citilink.ru/graphql/, для получения данных об всех продуктов
2025-05-01 15:43:45,014 - WARNING - Слишком много запросов. Ожидание перед повторной попыткой...
2025-05-01 15:43:50,016 - INFO - Отправка запроса к https://www.citilink.ru/graphql/, для получения данных об всех продуктов
2025-05-01 15:43:50,554 - WARNING - Слишком много запросов. Ожидание перед повторной попыткой...
2025-05-01 15:43:55,555 - INFO - Отправка запроса к https://www.citilink.ru/graphql/, для получения данных об всех продуктов
2025-05-01 15:43:56,281 - WARNING - Слишком много запросов. Ожидание перед повторной попыткой...
2025-05-01 15:44:01,282 - INFO - Отправка запроса к https://www.citilink.ru/graphql/, для получения данных об всех продуктов
2025-05-01 15:44:01,729 - WARNING - Слишком много запросов. Ожидание перед повторной попыткой...
2025-05-01 15:44:06,730 - INFO - Отправка запроса к https://www.citilink.ru/graphql/, для получения данных об всех продуктов
2025-05-01 15:44:07,218 - WARNING - Слишком много запросов. Ожидание перед повторной попыткой...
2025-05-01 15:44:12,219 - INFO - Отправка запроса к https://www.citilink.ru/graphql/, для получения данных об всех продуктов
2025-05-01 15:44:12,992 - WARNING - Слишком много запросов. Ожидание перед повторной попыткой...
2025-05-01 15:44:17,993 - INFO - Отправка запроса к https://www.citilink.ru/graphql/, для получения данных об всех продуктов
2025-05-01 15:44:18,575 - WARNING - Слишком много запросов. Ожидание перед повторной попыткой...
2025-05-01 15:44:23,575 - INFO - Отправка запроса к https://www.citilink.ru/graphql/, для получения данных об всех продуктов
2025-05-01 15:44:24,261 - WARNING - Слишком много запросов. Ожидание перед повторной попыткой...
2025-05-01 15:44:29,262 - INFO - Отправка запроса к https://www.citilink.ru/graphql/, для получения данных об всех продуктов
2025-05-01 15:44:29,758 - WARNING - Слишком много запросов. Ожидание перед повторной попыткой...
2025-05-01 15:44:34,760 - INFO - Отправка запроса к https://www.citilink.ru/graphql/, для получения данных об всех продуктов
2025-05-01 15:44:35,322 - WARNING - Слишком много запросов. Ожидание перед повторной попыткой...
2025-05-01 15:44:40,323 - INFO - Отправка запроса к https://www.citilink.ru/graphql/, для получения данных об всех продуктов
2025-05-01 15:44:41,158 - WARNING - Слишком много запросов. Ожидание перед повторной попыткой...
2025-05-01 15:44:46,160 - INFO - Отправка запроса к https://www.citilink.ru/graphql/, для получения данных об всех продуктов
2025-05-01 15:44:46,612 - WARNING - Слишком много запросов. Ожидание перед повторной попыткой...
2025-05-01 15:44:51,613 - INFO - Отправка запроса к https://www.citilink.ru/graphql/, для получения данных об всех продуктов
2025-05-01 15:44:52,068 - WARNING - Слишком много запросов. Ожидание перед повторной попыткой...
2025-05-01 15:44:57,069 - INFO - Отправка запроса к https://www.citilink.ru/graphql/, для получения данных об всех продуктов
2025-05-01 15:44:57,518 - WARNING - Слишком много запросов. Ожидание перед повторной попыткой...
2025-05-01 15:45:02,519 - INFO - Отправка запроса к https://www.citilink.ru/graphql/, для получения данных об всех продуктов
2025-05-01 15:45:03,054 - WARNING - Слишком много запросов. Ожидание перед повторной попыткой...
2025-05-01 15:45:08,055 - INFO - Отправка запроса к https://www.citilink.ru/graphql/, для получения данных об всех продуктов
2025-05-01 15:45:08,506 - WARNING - Слишком много запросов. Ожидание перед повторной попыткой...
2025-05-01 15:45:13,507 - INFO - Отправка запроса к https://www.citilink.ru/graphql/, для получения данных об всех продуктов
2025-05-01 15:45:13,971 - WARNING - Слишком много запросов. Ожидание перед повторной попыткой...
2025-05-01 15:45:18,971 - INFO - Отправка запроса к https://www.citilink.ru/graphql/, для получения данных об всех продуктов
2025-05-01 15:45:19,413 - WARNING - Слишком много запросов. Ожидание перед повторной попыткой...
2025-05-01 15:45:43,420 - INFO - Начало парсинга категории: notebooks-planshety-kompyutery-pereferiya/kompyutery-pereferiya/komplektuyushchie-dlya-pk/videokarty
2025-05-01 15:45:43,422 - INFO - Обработка страницы продукта №1
2025-05-01 15:45:43,423 - INFO - Отправка запроса к https://www.citilink.ru/graphql/, для получения данных об всех продуктов
2025-05-01 15:45:43,879 - WARNING - Слишком много запросов. Ожидание перед повторной попыткой...
2025-05-01 15:45:48,879 - INFO - Отправка запроса к https://www.citilink.ru/graphql/, для получения данных об всех продуктов
2025-05-01 15:45:49,574 - WARNING - Слишком много запросов. Ожидание перед повторной попыткой...
2025-05-01 15:45:54,575 - INFO - Отправка запроса к https://www.citilink.ru/graphql/, для получения данных об всех продуктов
2025-05-01 15:45:54,688 - INFO - Запрос успешно выполнен
2025-05-01 15:46:19,265 - INFO - Начало парсинга категории: notebooks-planshety-kompyutery-pereferiya/kompyutery-pereferiya/komplektuyushchie-dlya-pk/protsessory
2025-05-01 15:46:19,271 - INFO - Обработка страницы продукта №1
2025-05-01 15:46:19,274 - INFO - Отправка запроса к https://www.citilink.ru/graphql/, для получения данных об всех продуктов
2025-05-01 15:46:19,601 - INFO - Запрос успешно выполнен
2025-05-01 15:46:35,618 - INFO - Начало парсинга категории: notebooks-planshety-kompyutery-pereferiya/kompyutery-pereferiya/komplektuyushchie-dlya-pk/protsessory
2025-05-01 15:46:35,620 - INFO - Обработка страницы продукта №1
2025-05-01 15:46:35,620 - INFO - Отправка запроса к https://www.citilink.ru/graphql/, для получения данных об всех продуктов
2025-05-01 15:46:35,733 - INFO - Запрос успешно выполнен
2025-05-01 15:46:52,432 - INFO - Начало парсинга категории: notebooks-planshety-kompyutery-pereferiya/kompyutery-pereferiya/komplektuyushchie-dlya-pk/protsessory
2025-05-01 15:46:52,434 - INFO - Обработка страницы продукта №1
2025-05-01 15:46:52,435 - INFO - Отправка запроса к https://www.citilink.ru/graphql/, для получения данных об всех продуктов
2025-05-01 15:46:52,568 - INFO - Запрос успешно выполнен
2025-05-01 15:47:05,261 - INFO - Начало парсинга категории: notebooks-planshety-kompyutery-pereferiya/kompyutery-pereferiya/komplektuyushchie-dlya-pk/videokarty
2025-05-01 15:47:05,267 - INFO - Обработка страницы продукта №1
2025-05-01 15:47:05,267 - INFO - Отправка запроса к https://www.citilink.ru/graphql/, для получения данных об всех продуктов
2025-05-01 15:47:05,450 - INFO - Запрос успешно выполнен
2025-05-01 16:03:18,285 - INFO - Начало парсинга категории: notebooks-planshety-kompyutery-pereferiya/kompyutery-pereferiya/komplektuyushchie-dlya-pk/protsessory
2025-05-01 16:03:18,286 - INFO - Обработка страницы продукта №1
2025-05-01 16:03:18,287 - INFO - Отправка запроса к https://www.citilink.ru/graphql/, для получения данных об всех продуктов
2025-05-01 16:03:18,839 - WARNING - Слишком много запросов. Ожидание перед повторной попыткой...
2025-05-01 16:03:23,840 - INFO - Отправка запроса к https://www.citilink.ru/graphql/, для получения данных об всех продуктов
2025-05-01 16:03:24,332 - WARNING - Слишком много запросов. Ожидание перед повторной попыткой...
2025-05-01 16:03:29,333 - INFO - Отправка запроса к https://www.citilink.ru/graphql/, для получения данных об всех продуктов
2025-05-01 16:03:29,763 - WARNING - Слишком много запросов. Ожидание перед повторной попыткой...
2025-05-01 16:05:44,891 - INFO - Начало парсинга категории: notebooks-planshety-kompyutery-pereferiya/kompyutery-pereferiya/komplektuyushchie-dlya-pk/videokarty
2025-05-01 16:05:44,894 - INFO - Обработка страницы продукта №1
2025-05-01 16:05:44,894 - INFO - Отправка запроса к https://www.citilink.ru/graphql/, для получения данных об всех продуктов
2025-05-01 16:05:45,457 - WARNING - Слишком много запросов. Ожидание перед повторной попыткой...
2025-05-01 16:05:50,459 - INFO - Отправка запроса к https://www.citilink.ru/graphql/, для получения данных об всех продуктов
2025-05-01 16:05:50,875 - WARNING - Слишком много запросов. Ожидание перед повторной попыткой...
2025-05-01 16:05:55,877 - INFO - Отправка запроса к https://www.citilink.ru/graphql/, для получения данных об всех продуктов
2025-05-01 16:05:56,027 - INFO - Запрос успешно выполнен
2025-05-01 16:06:17,926 - INFO - Начало парсинга категории: notebooks-planshety-kompyutery-pereferiya/kompyutery-pereferiya/komplektuyushchie-dlya-pk/materinskie-platy
2025-05-01 16:06:17,930 - INFO - Обработка страницы продукта №1
2025-05-01 16:06:17,931 - INFO - Отправка запроса к https://www.citilink.ru/graphql/, для получения данных об всех продуктов
2025-05-01 16:06:18,087 - INFO - Запрос успешно выполнен
2025-05-01 16:07:00,139 - INFO - Начало парсинга категории: notebooks-planshety-kompyutery-pereferiya/kompyutery-pereferiya/komplektuyushchie-dlya-pk/videokarty
2025-05-01 16:07:00,141 - INFO - Обработка страницы продукта №1
2025-05-01 16:07:00,142 - INFO - Отправка запроса к https://www.citilink.ru/graphql/, для получения данных об всех продуктов
2025-05-01 16:07:00,279 - INFO - Запрос успешно выполнен
2025-05-01 16:07:07,478 - INFO - Начало парсинга категории: notebooks-planshety-kompyutery-pereferiya/kompyutery-pereferiya/komplektuyushchie-dlya-pk/videokarty
2025-05-01 16:07:07,479 - INFO - Обработка страницы продукта №1
2025-05-01 16:07:07,480 - INFO - Отправка запроса к https://www.citilink.ru/graphql/, для получения данных об всех продуктов
2025-05-01 16:07:07,619 - INFO - Запрос успешно выполнен
2025-05-01 16:07:31,408 - INFO - Начало парсинга категории: notebooks-planshety-kompyutery-pereferiya/kompyutery-pereferiya/komplektuyushchie-dlya-pk/videokarty
2025-05-01 16:07:31,410 - INFO - Обработка страницы продукта №1
2025-05-01 16:07:31,410 - INFO - Отправка запроса к https://www.citilink.ru/graphql/, для получения данных об всех продуктов
2025-05-01 16:07:31,543 - INFO - Запрос успешно выполнен
2025-05-01 16:09:23,460 - INFO - Начало парсинга категории: processory
2025-05-01 16:09:23,462 - INFO - Обработка страницы продукта №1
2025-05-01 16:09:23,462 - INFO - Отправка запроса к https://www.citilink.ru/graphql/, для получения данных об всех продуктов
2025-05-01 16:09:24,375 - WARNING - Слишком много запросов. Ожидание перед повторной попыткой...
2025-05-01 16:09:29,376 - INFO - Отправка запроса к https://www.citilink.ru/graphql/, для получения данных об всех продуктов
2025-05-01 16:09:29,833 - WARNING - Слишком много запросов. Ожидание перед повторной попыткой...
2025-05-01 16:09:34,834 - INFO - Отправка запроса к https://www.citilink.ru/graphql/, для получения данных об всех продуктов
2025-05-01 16:09:35,289 - WARNING - Слишком много запросов. Ожидание перед повторной попыткой...
2025-05-01 16:09:40,290 - INFO - Отправка запроса к https://www.citilink.ru/graphql/, для получения данных об всех продуктов
2025-05-01 16:09:40,747 - WARNING - Слишком много запросов. Ожидание перед повторной попыткой...
2025-05-01 16:09:45,747 - INFO - Отправка запроса к https://www.citilink.ru/graphql/, для получения данных об всех продуктов
2025-05-01 16:09:46,139 - WARNING - Слишком много запросов. Ожидание перед повторной попыткой...
2025-05-01 16:09:51,140 - INFO - Отправка запроса к https://www.citilink.ru/graphql/, для получения данных об всех продуктов
2025-05-01 16:09:51,536 - WARNING - Слишком много запросов. Ожидание перед повторной попыткой...
2025-05-01 16:09:56,537 - INFO - Отправка запроса к https://www.citilink.ru/graphql/, для получения данных об всех продуктов
2025-05-01 16:09:56,963 - WARNING - Слишком много запросов. Ожидание перед повторной попыткой...
2025-05-01 16:10:01,964 - INFO - Отправка запроса к https://www.citilink.ru/graphql/, для получения данных об всех продуктов
2025-05-01 16:12:14,521 - ERROR - Произошла ошибка при выполнении запроса: ('Connection aborted.', ConnectionAbortedError(10053, 'Программа на вашем хост-компьютере разорвала установленное подключение', None, 10053, None))
2025-06-05 19:42:26,174 - INFO - Начало парсинга категории: sistemy-ohlazhdeniya-processora--kulery-dlya-processora
2025-06-05 19:42:26,190 - INFO - Создана директория: data\sistemy-ohlazhdeniya-processora--kulery-dlya-processora
2025-06-05 19:42:26,194 - INFO - Обработка страницы продукта №1
2025-06-05 19:42:26,194 - INFO - Отправка запроса к https://www.citilink.ru/graphql/, для получения данных об всех продуктов
2025-06-05 19:42:26,726 - INFO - Запрос успешно выполнен
2025-06-05 19:42:26,726 - ERROR - Ошибка при обработке страницы 1: argument of type 'NoneType' is not iterable
2025-06-05 19:42:26,731 - WARNING - Не удалось получить товары для категории sistemy-ohlazhdeniya-processora--kulery-dlya-processora
2025-06-05 19:42:26,734 - INFO - Также создан объединенный файл 'Товары.json' для совместимости
2025-06-05 19:42:26,734 - INFO - Начинаем автоматический импорт товаров в базу данных...
2025-06-05 19:42:30,801 - INFO - Импорт товаров успешно завершен
2025-06-19 15:59:17,569 - INFO - Начало парсинга категории: zhestkie-diski
2025-06-19 15:59:17,574 - INFO - Создана директория: data\zhestkie-diski
2025-06-19 15:59:17,580 - INFO - Обработка страницы продукта №1
2025-06-19 15:59:17,580 - INFO - Отправка запроса к https://www.citilink.ru/graphql/, для получения данных об всех продуктов
2025-06-19 15:59:19,969 - INFO - Запрос успешно выполнен
2025-06-19 15:59:19,979 - INFO - Обработка продукта ID: 1933027
2025-06-19 15:59:21,229 - INFO - Отправка запроса к https://www.citilink.ru/graphql/, для получения данных об характеристик товара ID: 1933027
2025-06-19 15:59:22,044 - INFO - Запрос успешно выполнен
2025-06-19 15:59:22,046 - INFO - Отправка запроса к https://www.citilink.ru/graphql/, для получения данных об документов товара ID: 1933027
2025-06-19 15:59:22,954 - INFO - Запрос успешно выполнен
2025-06-19 15:59:22,961 - INFO - Отправка запроса к https://www.citilink.ru/graphql/, для получения данных об рейтинга товара ID: 1933027
2025-06-19 15:59:24,000 - INFO - Запрос успешно выполнен
2025-06-19 15:59:24,028 - INFO - Продукт 1933027 успешно обработан
2025-06-19 15:59:25,037 - INFO - Обработка продукта ID: 1933025
2025-06-19 15:59:27,358 - INFO - Отправка запроса к https://www.citilink.ru/graphql/, для получения данных об характеристик товара ID: 1933025
2025-06-19 15:59:28,256 - INFO - Запрос успешно выполнен
2025-06-19 15:59:28,260 - INFO - Отправка запроса к https://www.citilink.ru/graphql/, для получения данных об документов товара ID: 1933025
2025-06-19 15:59:32,131 - INFO - Запрос успешно выполнен
2025-06-19 15:59:32,136 - INFO - Отправка запроса к https://www.citilink.ru/graphql/, для получения данных об рейтинга товара ID: 1933025
2025-06-19 15:59:32,960 - INFO - Запрос успешно выполнен
2025-06-19 15:59:32,973 - INFO - Продукт 1933025 успешно обработан
2025-06-19 15:59:33,974 - INFO - Обработка продукта ID: 2102377
2025-06-19 15:59:35,437 - INFO - Отправка запроса к https://www.citilink.ru/graphql/, для получения данных об характеристик товара ID: 2102377
2025-06-19 15:59:36,201 - INFO - Запрос успешно выполнен
2025-06-19 15:59:36,205 - INFO - Отправка запроса к https://www.citilink.ru/graphql/, для получения данных об документов товара ID: 2102377
2025-06-19 15:59:40,082 - INFO - Запрос успешно выполнен
2025-06-19 15:59:40,087 - INFO - Отправка запроса к https://www.citilink.ru/graphql/, для получения данных об рейтинга товара ID: 2102377
2025-06-19 15:59:40,896 - INFO - Запрос успешно выполнен
2025-06-19 15:59:40,909 - INFO - Продукт 2102377 успешно обработан
2025-06-19 15:59:41,912 - INFO - Обработка продукта ID: 2019668
2025-06-19 15:59:43,841 - INFO - Отправка запроса к https://www.citilink.ru/graphql/, для получения данных об характеристик товара ID: 2019668
2025-06-19 15:59:44,786 - INFO - Запрос успешно выполнен
2025-06-19 15:59:44,791 - INFO - Отправка запроса к https://www.citilink.ru/graphql/, для получения данных об документов товара ID: 2019668
2025-06-19 15:59:45,639 - INFO - Запрос успешно выполнен
2025-06-19 15:59:45,644 - INFO - Отправка запроса к https://www.citilink.ru/graphql/, для получения данных об рейтинга товара ID: 2019668
2025-06-19 15:59:46,497 - INFO - Запрос успешно выполнен
2025-06-19 15:59:46,509 - INFO - Продукт 2019668 успешно обработан
2025-06-19 15:59:47,511 - INFO - Обработка продукта ID: 774633
2025-06-19 15:59:48,769 - INFO - Отправка запроса к https://www.citilink.ru/graphql/, для получения данных об характеристик товара ID: 774633
2025-06-19 15:59:49,657 - INFO - Запрос успешно выполнен
2025-06-19 15:59:49,661 - INFO - Отправка запроса к https://www.citilink.ru/graphql/, для получения данных об документов товара ID: 774633
2025-06-19 15:59:50,404 - INFO - Запрос успешно выполнен
2025-06-19 15:59:50,414 - INFO - Отправка запроса к https://www.citilink.ru/graphql/, для получения данных об рейтинга товара ID: 774633
2025-06-19 15:59:51,252 - INFO - Запрос успешно выполнен
2025-06-19 15:59:51,265 - INFO - Продукт 774633 успешно обработан
2025-06-19 15:59:52,267 - INFO - Обработка продукта ID: 1972840
2025-06-19 15:59:53,638 - INFO - Отправка запроса к https://www.citilink.ru/graphql/, для получения данных об характеристик товара ID: 1972840
2025-06-19 15:59:57,694 - INFO - Запрос успешно выполнен
2025-06-19 15:59:57,699 - INFO - Отправка запроса к https://www.citilink.ru/graphql/, для получения данных об документов товара ID: 1972840
2025-06-19 15:59:58,618 - INFO - Запрос успешно выполнен
2025-06-19 15:59:58,620 - INFO - Отправка запроса к https://www.citilink.ru/graphql/, для получения данных об рейтинга товара ID: 1972840
2025-06-19 16:00:00,031 - INFO - Запрос успешно выполнен
2025-06-19 16:00:00,045 - INFO - Продукт 1972840 успешно обработан
2025-06-19 16:00:01,046 - INFO - Обработка продукта ID: 2019674
2025-06-19 16:00:02,730 - INFO - Отправка запроса к https://www.citilink.ru/graphql/, для получения данных об характеристик товара ID: 2019674
2025-06-19 16:00:03,406 - INFO - 🛑 ПОЛУЧЕН СИГНАЛ ОСТАНОВКИ В ГЛАВНОМ ПРОЦЕССЕ!
2025-06-19 16:00:03,509 - INFO - Запрос успешно выполнен
2025-06-19 16:00:03,514 - INFO - 🛑 ОБНАРУЖЕН ФАЙЛ-ФЛАГ ОСТАНОВКИ! Принудительное завершение парсера...
2025-06-19 16:00:03,516 - INFO - ⏹️ Остановка при получении документов продукта 2019674
2025-06-19 16:00:03,516 - INFO - 🛑 ПАРСЕР ОСТАНОВЛЕН ПОЛЬЗОВАТЕЛЕМ!
2025-06-19 16:00:03,516 - INFO - ✅ На момент остановки обработано 6 товаров
2025-06-19 16:00:03,526 - INFO - 💾 Сохранено 6 товаров до остановки
2025-06-19 16:00:03,542 - INFO - Также создан объединенный файл 'Товары.json' для совместимости
2025-06-21 17:16:40,176 - INFO - Начало парсинга категории: zhestkie-diski
2025-06-21 17:16:40,177 - INFO - Создана директория: data\zhestkie-diski
2025-06-21 17:16:40,181 - INFO - Обработка страницы продукта №1
2025-06-21 17:16:40,181 - INFO - Отправка запроса к https://www.citilink.ru/graphql/, для получения данных об всех продуктов
2025-06-21 17:16:40,887 - INFO - Запрос успешно выполнен
2025-06-21 17:16:40,895 - INFO - Обработка продукта ID: 1933027
2025-06-21 17:16:41,789 - INFO - Отправка запроса к https://www.citilink.ru/graphql/, для получения данных об характеристик товара ID: 1933027
2025-06-21 17:16:42,247 - INFO - Запрос успешно выполнен
2025-06-21 17:16:42,249 - INFO - Отправка запроса к https://www.citilink.ru/graphql/, для получения данных об документов товара ID: 1933027
2025-06-21 17:16:42,682 - INFO - Запрос успешно выполнен
2025-06-21 17:16:42,685 - INFO - Отправка запроса к https://www.citilink.ru/graphql/, для получения данных об рейтинга товара ID: 1933027
2025-06-21 17:16:43,196 - INFO - Запрос успешно выполнен
2025-06-21 17:16:43,203 - INFO - Продукт 1933027 успешно обработан
2025-06-21 17:16:44,205 - INFO - Обработка продукта ID: 1933025
2025-06-21 17:16:44,959 - INFO - Отправка запроса к https://www.citilink.ru/graphql/, для получения данных об характеристик товара ID: 1933025
2025-06-21 17:16:45,529 - INFO - Запрос успешно выполнен
2025-06-21 17:16:45,532 - INFO - Отправка запроса к https://www.citilink.ru/graphql/, для получения данных об документов товара ID: 1933025
2025-06-21 17:16:46,063 - INFO - Запрос успешно выполнен
2025-06-21 17:16:46,065 - INFO - Отправка запроса к https://www.citilink.ru/graphql/, для получения данных об рейтинга товара ID: 1933025
2025-06-21 17:16:46,613 - INFO - Запрос успешно выполнен
2025-06-21 17:16:46,619 - INFO - Продукт 1933025 успешно обработан
2025-06-21 17:16:47,620 - INFO - Обработка продукта ID: 2095263
2025-06-21 17:16:48,355 - INFO - Отправка запроса к https://www.citilink.ru/graphql/, для получения данных об характеристик товара ID: 2095263
2025-06-21 17:16:48,767 - INFO - Запрос успешно выполнен
2025-06-21 17:16:48,769 - INFO - Отправка запроса к https://www.citilink.ru/graphql/, для получения данных об документов товара ID: 2095263
2025-06-21 17:16:49,186 - INFO - Запрос успешно выполнен
2025-06-21 17:16:49,188 - INFO - Отправка запроса к https://www.citilink.ru/graphql/, для получения данных об рейтинга товара ID: 2095263
2025-06-21 17:16:49,616 - INFO - Запрос успешно выполнен
2025-06-21 17:16:49,622 - INFO - Продукт 2095263 успешно обработан
2025-06-21 17:16:50,623 - INFO - Обработка продукта ID: 2019668
2025-06-21 17:16:51,421 - INFO - Отправка запроса к https://www.citilink.ru/graphql/, для получения данных об характеристик товара ID: 2019668
2025-06-21 17:16:51,985 - INFO - Запрос успешно выполнен
2025-06-21 17:16:51,989 - INFO - Отправка запроса к https://www.citilink.ru/graphql/, для получения данных об документов товара ID: 2019668
2025-06-21 17:16:52,396 - INFO - Запрос успешно выполнен
2025-06-21 17:16:52,399 - INFO - Отправка запроса к https://www.citilink.ru/graphql/, для получения данных об рейтинга товара ID: 2019668
2025-06-21 17:16:52,943 - INFO - Запрос успешно выполнен
2025-06-21 17:16:52,949 - INFO - Продукт 2019668 успешно обработан
2025-06-21 17:16:53,950 - INFO - Обработка продукта ID: 774633
2025-06-21 17:16:54,904 - INFO - Отправка запроса к https://www.citilink.ru/graphql/, для получения данных об характеристик товара ID: 774633
2025-06-21 17:16:55,687 - INFO - Запрос успешно выполнен
2025-06-21 17:16:55,689 - INFO - Отправка запроса к https://www.citilink.ru/graphql/, для получения данных об документов товара ID: 774633
2025-06-21 17:16:56,240 - INFO - Запрос успешно выполнен
2025-06-21 17:16:56,241 - INFO - Отправка запроса к https://www.citilink.ru/graphql/, для получения данных об рейтинга товара ID: 774633
2025-06-21 17:16:57,558 - INFO - Запрос успешно выполнен
2025-06-21 17:16:57,564 - INFO - Продукт 774633 успешно обработан
2025-06-21 17:16:58,565 - INFO - Обработка продукта ID: 1972840
2025-06-21 17:16:59,630 - INFO - Отправка запроса к https://www.citilink.ru/graphql/, для получения данных об характеристик товара ID: 1972840
2025-06-21 17:17:00,209 - INFO - Запрос успешно выполнен
2025-06-21 17:17:00,212 - INFO - Отправка запроса к https://www.citilink.ru/graphql/, для получения данных об документов товара ID: 1972840
2025-06-21 17:17:00,513 - INFO - 🛑 ПОЛУЧЕН СИГНАЛ ОСТАНОВКИ В ГЛАВНОМ ПРОЦЕССЕ!
2025-06-21 17:17:00,604 - INFO - Запрос успешно выполнен
2025-06-21 17:17:00,608 - INFO - 🛑 ОБНАРУЖЕН ФАЙЛ-ФЛАГ ОСТАНОВКИ! Принудительное завершение парсера...
2025-06-21 17:17:00,608 - INFO - ⏹️ Остановка при получении рейтинга продукта 1972840
2025-06-21 17:17:00,608 - INFO - 🛑 ПАРСЕР ОСТАНОВЛЕН ПОЛЬЗОВАТЕЛЕМ!
2025-06-21 17:17:00,609 - INFO - ✅ На момент остановки обработано 5 товаров
2025-06-21 17:17:00,614 - INFO - 💾 Сохранено 5 товаров до остановки
2025-06-21 17:17:00,621 - INFO - Также создан объединенный файл 'Товары.json' для совместимости
