2025-06-02 21:09:53,548 - __main__ - INFO - Сравниваем модели: Оперативная память Kingston FURY Beast Black RGB [KF432C16BB2AK2/32] 32 ГБ и Оперативная память Kingston Fury Beast Black Expo KF560C36BBEK2-64 DDR5 -  2x 32ГБ 6000МГц, DIMM,  Ret
2025-06-02 21:09:58,865 - __main__ - INFO - Результат сравнения:
2025-06-02 21:09:58,865 - __main__ - INFO - ### Анализ моделей оперативной памяти

#### 1. Сравнение цен
- **Модель DNS**:  
  Цена — **7899 рублей**.
- **Модель Citilink**:  
  Цена — **21990 рублей**.

Цена модели от DNS почти в три раза ниже, чем у аналогичной модели Citilink.

---

#### 2. Сравнение технических характеристик

| Параметр                 | DNS Model   | Citilink Model |
|--------------------------|-------------|----------------|
| Тип памяти               | DDR4        | DDR5           |
| Объем памяти             | 32 ГБ       | 64 ГБ          |
| Тактовая частота         | 3200 МГц     | 6000 МГц        |
| Профиль                  | XMP 3000, 3200 МГц | |
| CAS Latency (CL)         | 16          | 36              |
| RAS to CAS Delay (tRCD)  | 20          | 36              |
| Row Precharge Delay (tRP)| 20          | 36              |
| Напряжение питания      | 1.35 В      | 1.5 В           |
| Количество модулей       | 2 x 16 ГБ   | 2 x 32 ГБ       |
| Цвет подсветки           | черный RGB  | черный RGB     |
| Высота                   | 43 мм       | нет данных      |
| Низкопрофильность        | нет         | нет данных      |

Таким образом, рассматриваемая модель от DNS обладает характеристиками:
- частотой **3200 МГц**,  
- объемом **32 ГБ**,  
- тактовым напряжением **1.35 В**.  
При этом тип памяти DDR4, скорость передачи данных значительно ниже по сравнению с DDR5 (6000 МГц).

---

#### 3. Соотношение цена/качество

На основе сравнения цен и технических характеристик видно, что модель от DNS имеет значительное преимущество по соотношению цены и качества:
- Более низкая стоимость при схожих характеристиках (кроме частоты и объема).  
- Несмотря на меньшую частоту работы, модель от DNS позволяет достичь производительности за счет меньшей стоимости и возможностей разгона в рамках стандартов DDR4.

---

#### 4. Рекомендация по выбору

Учитывая приведенные критерии анализа, рекомендуем выбрать модель оперативной памяти **DNS (Kingston FURY Beast Black RGB)**. 

- Она предлагает оптимальное сочетание цены, производительности и качественных характеристик (в частности, возможность разгона до рекомендованных частот XMP профиля).  
- Отличается доступной ценой и стабильной работой, позволяя сэкономить значительную сумму денег относительно аналога на базе DDR5.
2025-06-02 21:09:58,867 - __main__ - INFO - Результат сохранен в файл ram_comparison_result.json
2025-06-02 21:16:55,181 - __main__ - ERROR - Ошибка при запросе к GigaChat: HTTPSConnectionPool(host='gigachat.devices.sberbank.ru', port=443): Max retries exceeded with url: /api/v1/chat/completions (Caused by ConnectTimeoutError(<urllib3.connection.HTTPSConnection object at 0x000001CDE9C057F0>, 'Connection to gigachat.devices.sberbank.ru timed out. (connect timeout=None)'))
